<?xml version="1.0" encoding="UTF-8"?>
<robot generator="Robot 5.0.1 (Python 3.10.7 on win32)" generated="20230214 15:59:21.695" rpa="false" schemaversion="3">
<suite id="s1" name="Dashboardpendencias-Page-Object" source="d:\Testes\Automatizados\Prontuario\page-objects\dashboardpendencias-page-object.robot">
<test id="s1-t1" name="Fazer login no ADM Permissionários" line="34">
<kw name="Open Browser" library="SeleniumLibrary">
<arg>https://dev-adm-permissionario.curitiba.pr.gov.br/</arg>
<arg>chrome</arg>
<doc>Opens a new browser instance to the optional ``url``.</doc>
<msg timestamp="20230214 15:59:22.265" level="INFO">Opening browser 'chrome' to base url 'https://dev-adm-permissionario.curitiba.pr.gov.br/'.</msg>
<status status="PASS" starttime="20230214 15:59:22.265" endtime="20230214 15:59:23.629"/>
</kw>
<kw name="Maximize Browser Window" library="SeleniumLibrary">
<doc>Maximizes current browser window.</doc>
<status status="PASS" starttime="20230214 15:59:23.630" endtime="20230214 15:59:23.755"/>
</kw>
<kw name="Title Should Be" library="SeleniumLibrary">
<arg>Login - Permissionários</arg>
<doc>Verifies that the current page title equals ``title``.</doc>
<msg timestamp="20230214 15:59:23.759" level="INFO">Page title is 'Login - Permissionários'.</msg>
<status status="PASS" starttime="20230214 15:59:23.755" endtime="20230214 15:59:23.759"/>
</kw>
<kw name="Input Text" library="SeleniumLibrary">
<arg>${INPUT_USUARIO}</arg>
<arg>alexrocha</arg>
<doc>Types the given ``text`` into the text field identified by ``locator``.</doc>
<msg timestamp="20230214 15:59:23.760" level="INFO">Typing text 'alexrocha' into text field 'xpath://*[@id="Usuario"]'.</msg>
<status status="PASS" starttime="20230214 15:59:23.759" endtime="20230214 15:59:23.806"/>
</kw>
<kw name="Input Password" library="SeleniumLibrary">
<arg>${INPUT_SENHA}</arg>
<arg>\#.senhasenha</arg>
<doc>Types the given password into the text field identified by ``locator``.</doc>
<msg timestamp="20230214 15:59:23.807" level="INFO">Typing password into text field 'xpath://*[@id="Senha"]'.</msg>
<msg timestamp="20230214 15:59:23.832" level="INFO">Temporally setting log level to: NONE</msg>
<msg timestamp="20230214 15:59:23.868" level="INFO">Log level changed from NONE to INFO.</msg>
<status status="PASS" starttime="20230214 15:59:23.806" endtime="20230214 15:59:23.869"/>
</kw>
<kw name="Click Element" library="SeleniumLibrary">
<arg>${BUTTON_ENTRAR}</arg>
<doc>Click the element identified by ``locator``.</doc>
<msg timestamp="20230214 15:59:23.870" level="INFO">Clicking element 'xpath://*[@id="loginEntrar"]'.</msg>
<status status="PASS" starttime="20230214 15:59:23.869" endtime="20230214 15:59:41.654"/>
</kw>
<status status="PASS" starttime="20230214 15:59:22.264" endtime="20230214 15:59:41.655"/>
</test>
<test id="s1-t2" name="Verificar informações de Dashboard &quot;Férias&quot;" line="42">
<kw name="Wait Until Keyword Succeeds" library="BuiltIn">
<arg>5</arg>
<arg>10</arg>
<arg>Aguardar carregamento da pagina</arg>
<doc>Runs the specified keyword and retries if it fails.</doc>
<kw name="Aguardar carregamento da pagina">
<kw name="Title Should Be" library="SeleniumLibrary">
<arg>Página Inicial - Permissionários</arg>
<doc>Verifies that the current page title equals ``title``.</doc>
<msg timestamp="20230214 15:59:41.661" level="INFO">Page title is 'Página Inicial - Permissionários'.</msg>
<status status="PASS" starttime="20230214 15:59:41.658" endtime="20230214 15:59:41.661"/>
</kw>
<status status="PASS" starttime="20230214 15:59:41.657" endtime="20230214 15:59:41.661"/>
</kw>
<status status="PASS" starttime="20230214 15:59:41.657" endtime="20230214 15:59:41.661"/>
</kw>
<kw name="Get Text" library="SeleniumLibrary">
<var>${GET_FEIRAS_DIS}</var>
<arg>${FEIRAS_DISPONIVEIS}</arg>
<doc>Returns the text value of the element identified by ``locator``.</doc>
<msg timestamp="20230214 15:59:41.678" level="INFO">${GET_FEIRAS_DIS} = </msg>
<status status="PASS" starttime="20230214 15:59:41.662" endtime="20230214 15:59:41.679"/>
</kw>
<kw name="Get Text" library="SeleniumLibrary">
<var>${GET_FEIRAS_OCP}</var>
<arg>${FEIRAS_OCUPADOS}</arg>
<doc>Returns the text value of the element identified by ``locator``.</doc>
<msg timestamp="20230214 15:59:41.696" level="INFO">${GET_FEIRAS_OCP} = 725</msg>
<status status="PASS" starttime="20230214 15:59:41.679" endtime="20230214 15:59:41.696"/>
</kw>
<kw name="Get Text" library="SeleniumLibrary">
<var>${GET_FEIRAS_FEI}</var>
<arg>${FEIRAS_FEIRANTES}</arg>
<doc>Returns the text value of the element identified by ``locator``.</doc>
<msg timestamp="20230214 15:59:41.715" level="INFO">${GET_FEIRAS_FEI} = </msg>
<status status="PASS" starttime="20230214 15:59:41.696" endtime="20230214 15:59:41.716"/>
</kw>
<kw name="Go To" library="SeleniumLibrary">
<arg>https://dev-adm-permissionario.curitiba.pr.gov.br/pontocomercial/listar/tipoEquipamento-1</arg>
<doc>Navigates the current browser window to the provided ``url``.</doc>
<msg timestamp="20230214 15:59:41.716" level="INFO">Opening url 'https://dev-adm-permissionario.curitiba.pr.gov.br/pontocomercial/listar/tipoEquipamento-1'</msg>
<status status="PASS" starttime="20230214 15:59:41.716" endtime="20230214 15:59:42.041"/>
</kw>
<kw name="Select From List By Label" library="SeleniumLibrary">
<arg>${LIST_ATIVO}</arg>
<arg>Ativado</arg>
<doc>Selects options from selection list ``locator`` by ``labels``.</doc>
<msg timestamp="20230214 15:59:42.042" level="INFO">Selecting options from selection list 'xpath://*[@id="Ativo"]' by label Ativado.</msg>
<status status="PASS" starttime="20230214 15:59:42.042" endtime="20230214 15:59:42.107"/>
</kw>
<kw name="Select From List By Label" library="SeleniumLibrary">
<arg>${LIST_STATUS}</arg>
<arg>Disponível</arg>
<doc>Selects options from selection list ``locator`` by ``labels``.</doc>
<msg timestamp="20230214 15:59:42.108" level="INFO">Selecting options from selection list 'xpath://*[@id="Status"]' by label Disponível.</msg>
<status status="PASS" starttime="20230214 15:59:42.107" endtime="20230214 15:59:42.154"/>
</kw>
<kw name="Click Element" library="SeleniumLibrary">
<arg>${BUTTON_FILTRAR}</arg>
<doc>Click the element identified by ``locator``.</doc>
<msg timestamp="20230214 15:59:42.155" level="INFO">Clicking element 'xpath://*[@id="btnFiltrarPontoComercial"]'.</msg>
<status status="PASS" starttime="20230214 15:59:42.155" endtime="20230214 15:59:42.188"/>
</kw>
<kw name="Sleep" library="BuiltIn">
<arg>2</arg>
<doc>Pauses the test executed for the given time.</doc>
<msg timestamp="20230214 15:59:44.203" level="INFO">Slept 2 seconds</msg>
<status status="PASS" starttime="20230214 15:59:42.189" endtime="20230214 15:59:44.203"/>
</kw>
<kw name="Element Should Contain" library="SeleniumLibrary">
<arg>xpath://html/body/div/div/div/main/section/div[5]/div[2]/div/div/div/div/span</arg>
<arg>${GET_FEIRAS_DIS}</arg>
<doc>Verifies that element ``locator`` contains text ``expected``.</doc>
<msg timestamp="20230214 15:59:44.223" level="INFO">Element 'xpath://html/body/div/div/div/main/section/div[5]/div[2]/div/div/div/div/span' contains text ''.</msg>
<status status="PASS" starttime="20230214 15:59:44.204" endtime="20230214 15:59:44.223"/>
</kw>
<kw name="Select From List By Label" library="SeleniumLibrary">
<arg>xpath://*[@id="Status"]</arg>
<arg>Ocupado</arg>
<doc>Selects options from selection list ``locator`` by ``labels``.</doc>
<msg timestamp="20230214 15:59:44.224" level="INFO">Selecting options from selection list 'xpath://*[@id="Status"]' by label Ocupado.</msg>
<status status="PASS" starttime="20230214 15:59:44.224" endtime="20230214 15:59:44.265"/>
</kw>
<kw name="Click Element" library="SeleniumLibrary">
<arg>xpath://*[@id="btnFiltrarPontoComercial"]</arg>
<doc>Click the element identified by ``locator``.</doc>
<msg timestamp="20230214 15:59:44.266" level="INFO">Clicking element 'xpath://*[@id="btnFiltrarPontoComercial"]'.</msg>
<status status="PASS" starttime="20230214 15:59:44.266" endtime="20230214 15:59:44.286"/>
</kw>
<kw name="Sleep" library="BuiltIn">
<arg>2</arg>
<doc>Pauses the test executed for the given time.</doc>
<msg timestamp="20230214 15:59:46.287" level="INFO">Slept 2 seconds</msg>
<status status="PASS" starttime="20230214 15:59:44.287" endtime="20230214 15:59:46.287"/>
</kw>
<kw name="Element Should Contain" library="SeleniumLibrary">
<arg>xpath://html/body/div/div/div/main/section/div[5]/div[2]/div/div/div/div/span</arg>
<arg>${GET_FEIRAS_OCP}</arg>
<doc>Verifies that element ``locator`` contains text ``expected``.</doc>
<msg timestamp="20230214 15:59:46.302" level="INFO">Element 'xpath://html/body/div/div/div/main/section/div[5]/div[2]/div/div/div/div/span' contains text '725'.</msg>
<status status="PASS" starttime="20230214 15:59:46.288" endtime="20230214 15:59:46.303"/>
</kw>
<status status="PASS" starttime="20230214 15:59:41.656" endtime="20230214 15:59:46.303"/>
</test>
<test id="s1-t3" name="Verificar informações de Dashboard &quot;Sacolões&quot;" line="58">
<kw name="Go To" library="SeleniumLibrary">
<arg>https://dev-adm-permissionario.curitiba.pr.gov.br/Inicio/Inicial</arg>
<doc>Navigates the current browser window to the provided ``url``.</doc>
<msg timestamp="20230214 15:59:46.305" level="INFO">Opening url 'https://dev-adm-permissionario.curitiba.pr.gov.br/Inicio/Inicial'</msg>
<status status="PASS" starttime="20230214 15:59:46.305" endtime="20230214 15:59:46.434"/>
</kw>
<kw name="Wait Until Keyword Succeeds" library="BuiltIn">
<arg>5</arg>
<arg>10</arg>
<arg>Aguardar carregamento da pagina</arg>
<doc>Runs the specified keyword and retries if it fails.</doc>
<kw name="Aguardar carregamento da pagina">
<kw name="Title Should Be" library="SeleniumLibrary">
<arg>Página Inicial - Permissionários</arg>
<doc>Verifies that the current page title equals ``title``.</doc>
<msg timestamp="20230214 15:59:46.439" level="INFO">Page title is 'Página Inicial - Permissionários'.</msg>
<status status="PASS" starttime="20230214 15:59:46.435" endtime="20230214 15:59:46.439"/>
</kw>
<status status="PASS" starttime="20230214 15:59:46.435" endtime="20230214 15:59:46.440"/>
</kw>
<status status="PASS" starttime="20230214 15:59:46.435" endtime="20230214 15:59:46.440"/>
</kw>
<kw name="Get Text" library="SeleniumLibrary">
<var>${GET_SACOLOES_DIS}</var>
<arg>${SACOLOES_DISPONIVEIS}</arg>
<doc>Returns the text value of the element identified by ``locator``.</doc>
<msg timestamp="20230214 15:59:46.459" level="INFO">${GET_SACOLOES_DIS} = 1</msg>
<status status="PASS" starttime="20230214 15:59:46.440" endtime="20230214 15:59:46.459"/>
</kw>
<kw name="Get Text" library="SeleniumLibrary">
<var>${GET_SACOLOES_OCP}</var>
<arg>${SACOLOES_OCUPADOS}</arg>
<doc>Returns the text value of the element identified by ``locator``.</doc>
<msg timestamp="20230214 15:59:46.475" level="INFO">${GET_SACOLOES_OCP} = </msg>
<status status="PASS" starttime="20230214 15:59:46.460" endtime="20230214 15:59:46.475"/>
</kw>
<kw name="Go To" library="SeleniumLibrary">
<arg>https://dev-adm-permissionario.curitiba.pr.gov.br/pontocomercial/listar/tipoEquipamento-4</arg>
<doc>Navigates the current browser window to the provided ``url``.</doc>
<msg timestamp="20230214 15:59:46.475" level="INFO">Opening url 'https://dev-adm-permissionario.curitiba.pr.gov.br/pontocomercial/listar/tipoEquipamento-4'</msg>
<status status="PASS" starttime="20230214 15:59:46.475" endtime="20230214 15:59:46.612"/>
</kw>
<kw name="Select From List By Label" library="SeleniumLibrary">
<arg>${LIST_ATIVO}</arg>
<arg>Ativado</arg>
<doc>Selects options from selection list ``locator`` by ``labels``.</doc>
<msg timestamp="20230214 15:59:46.613" level="INFO">Selecting options from selection list 'xpath://*[@id="Ativo"]' by label Ativado.</msg>
<status status="PASS" starttime="20230214 15:59:46.613" endtime="20230214 15:59:46.665"/>
</kw>
<kw name="Select From List By Label" library="SeleniumLibrary">
<arg>${LIST_STATUS}</arg>
<arg>Disponível</arg>
<doc>Selects options from selection list ``locator`` by ``labels``.</doc>
<msg timestamp="20230214 15:59:46.666" level="INFO">Selecting options from selection list 'xpath://*[@id="Status"]' by label Disponível.</msg>
<status status="PASS" starttime="20230214 15:59:46.666" endtime="20230214 15:59:46.705"/>
</kw>
<kw name="Click Element" library="SeleniumLibrary">
<arg>${BUTTON_FILTRAR}</arg>
<doc>Click the element identified by ``locator``.</doc>
<msg timestamp="20230214 15:59:46.706" level="INFO">Clicking element 'xpath://*[@id="btnFiltrarPontoComercial"]'.</msg>
<status status="PASS" starttime="20230214 15:59:46.706" endtime="20230214 15:59:46.737"/>
</kw>
<kw name="Sleep" library="BuiltIn">
<arg>2</arg>
<doc>Pauses the test executed for the given time.</doc>
<msg timestamp="20230214 15:59:48.740" level="INFO">Slept 2 seconds</msg>
<status status="PASS" starttime="20230214 15:59:46.737" endtime="20230214 15:59:48.740"/>
</kw>
<kw name="Element Should Contain" library="SeleniumLibrary">
<arg>xpath://html/body/div/div/div/main/section/div[5]/div[2]/div/div/div/div/span</arg>
<arg>${GET_SACOLOES_DIS}</arg>
<doc>Verifies that element ``locator`` contains text ``expected``.</doc>
<msg timestamp="20230214 15:59:48.759" level="INFO">Element 'xpath://html/body/div/div/div/main/section/div[5]/div[2]/div/div/div/div/span' contains text '1'.</msg>
<status status="PASS" starttime="20230214 15:59:48.741" endtime="20230214 15:59:48.759"/>
</kw>
<kw name="Select From List By Label" library="SeleniumLibrary">
<arg>${LIST_STATUS}</arg>
<arg>Ocupado</arg>
<doc>Selects options from selection list ``locator`` by ``labels``.</doc>
<msg timestamp="20230214 15:59:48.760" level="INFO">Selecting options from selection list 'xpath://*[@id="Status"]' by label Ocupado.</msg>
<status status="PASS" starttime="20230214 15:59:48.759" endtime="20230214 15:59:48.797"/>
</kw>
<kw name="Click Element" library="SeleniumLibrary">
<arg>${BUTTON_FILTRAR}</arg>
<doc>Click the element identified by ``locator``.</doc>
<msg timestamp="20230214 15:59:48.798" level="INFO">Clicking element 'xpath://*[@id="btnFiltrarPontoComercial"]'.</msg>
<status status="PASS" starttime="20230214 15:59:48.797" endtime="20230214 15:59:48.816"/>
</kw>
<kw name="Sleep" library="BuiltIn">
<arg>2</arg>
<doc>Pauses the test executed for the given time.</doc>
<msg timestamp="20230214 15:59:50.821" level="INFO">Slept 2 seconds</msg>
<status status="PASS" starttime="20230214 15:59:48.816" endtime="20230214 15:59:50.821"/>
</kw>
<kw name="Element Should Contain" library="SeleniumLibrary">
<arg>xpath://html/body/div/div/div/main/section/div[5]/div[2]/div/div/div/div/span</arg>
<arg>${GET_SACOLOES_OCP}</arg>
<doc>Verifies that element ``locator`` contains text ``expected``.</doc>
<msg timestamp="20230214 15:59:50.835" level="INFO">Element 'xpath://html/body/div/div/div/main/section/div[5]/div[2]/div/div/div/div/span' contains text ''.</msg>
<status status="PASS" starttime="20230214 15:59:50.822" endtime="20230214 15:59:50.835"/>
</kw>
<status status="PASS" starttime="20230214 15:59:46.304" endtime="20230214 15:59:50.836"/>
</test>
<test id="s1-t4" name="Verificar informações de Dashboard &quot;Mercado Municipal de Curitiba&quot;" line="74">
<kw name="Go To" library="SeleniumLibrary">
<arg>https://dev-adm-permissionario.curitiba.pr.gov.br/Inicio/Inicial</arg>
<doc>Navigates the current browser window to the provided ``url``.</doc>
<msg timestamp="20230214 15:59:50.837" level="INFO">Opening url 'https://dev-adm-permissionario.curitiba.pr.gov.br/Inicio/Inicial'</msg>
<status status="PASS" starttime="20230214 15:59:50.837" endtime="20230214 15:59:50.973"/>
</kw>
<kw name="Wait Until Keyword Succeeds" library="BuiltIn">
<arg>5</arg>
<arg>10</arg>
<arg>Aguardar carregamento da pagina</arg>
<doc>Runs the specified keyword and retries if it fails.</doc>
<kw name="Aguardar carregamento da pagina">
<kw name="Title Should Be" library="SeleniumLibrary">
<arg>Página Inicial - Permissionários</arg>
<doc>Verifies that the current page title equals ``title``.</doc>
<msg timestamp="20230214 15:59:50.978" level="INFO">Page title is 'Página Inicial - Permissionários'.</msg>
<status status="PASS" starttime="20230214 15:59:50.974" endtime="20230214 15:59:50.978"/>
</kw>
<status status="PASS" starttime="20230214 15:59:50.974" endtime="20230214 15:59:50.978"/>
</kw>
<status status="PASS" starttime="20230214 15:59:50.974" endtime="20230214 15:59:50.979"/>
</kw>
<kw name="Get Text" library="SeleniumLibrary">
<var>${GET_MERC_CWB_DIS}</var>
<arg>${MERC_CWB_DISPONIVEIS}</arg>
<doc>Returns the text value of the element identified by ``locator``.</doc>
<msg timestamp="20230214 15:59:50.995" level="INFO">${GET_MERC_CWB_DIS} = 312</msg>
<status status="PASS" starttime="20230214 15:59:50.979" endtime="20230214 15:59:50.995"/>
</kw>
<kw name="Get Text" library="SeleniumLibrary">
<var>${GET_MERC_CWB_OCP}</var>
<arg>${MERC_CWB_OCUPADOS}</arg>
<doc>Returns the text value of the element identified by ``locator``.</doc>
<msg timestamp="20230214 15:59:51.011" level="INFO">${GET_MERC_CWB_OCP} = 49</msg>
<status status="PASS" starttime="20230214 15:59:50.996" endtime="20230214 15:59:51.011"/>
</kw>
<kw name="Go To" library="SeleniumLibrary">
<arg>https://dev-adm-permissionario.curitiba.pr.gov.br/pontocomercial/listar/tipoEquipamento-2</arg>
<doc>Navigates the current browser window to the provided ``url``.</doc>
<msg timestamp="20230214 15:59:51.012" level="INFO">Opening url 'https://dev-adm-permissionario.curitiba.pr.gov.br/pontocomercial/listar/tipoEquipamento-2'</msg>
<status status="PASS" starttime="20230214 15:59:51.012" endtime="20230214 15:59:51.223"/>
</kw>
<kw name="Select From List By Label" library="SeleniumLibrary">
<arg>${LIST_ATIVO}</arg>
<arg>Ativado</arg>
<doc>Selects options from selection list ``locator`` by ``labels``.</doc>
<msg timestamp="20230214 15:59:51.224" level="INFO">Selecting options from selection list 'xpath://*[@id="Ativo"]' by label Ativado.</msg>
<status status="PASS" starttime="20230214 15:59:51.224" endtime="20230214 15:59:51.282"/>
</kw>
<kw name="Select From List By Label" library="SeleniumLibrary">
<arg>${LIST_STATUS}</arg>
<arg>Disponível</arg>
<doc>Selects options from selection list ``locator`` by ``labels``.</doc>
<msg timestamp="20230214 15:59:51.284" level="INFO">Selecting options from selection list 'xpath://*[@id="Status"]' by label Disponível.</msg>
<status status="PASS" starttime="20230214 15:59:51.283" endtime="20230214 15:59:51.325"/>
</kw>
<kw name="Click Element" library="SeleniumLibrary">
<arg>${BUTTON_FILTRAR}</arg>
<doc>Click the element identified by ``locator``.</doc>
<msg timestamp="20230214 15:59:51.325" level="INFO">Clicking element 'xpath://*[@id="btnFiltrarPontoComercial"]'.</msg>
<status status="PASS" starttime="20230214 15:59:51.325" endtime="20230214 15:59:51.363"/>
</kw>
<kw name="Sleep" library="BuiltIn">
<arg>2</arg>
<doc>Pauses the test executed for the given time.</doc>
<msg timestamp="20230214 15:59:53.365" level="INFO">Slept 2 seconds</msg>
<status status="PASS" starttime="20230214 15:59:51.363" endtime="20230214 15:59:53.365"/>
</kw>
<kw name="Element Should Contain" library="SeleniumLibrary">
<arg>xpath://html/body/div/div/div/main/section/div[5]/div[2]/div/div/div/div/span</arg>
<arg>${GET_MERC_CWB_DIS}</arg>
<doc>Verifies that element ``locator`` contains text ``expected``.</doc>
<msg timestamp="20230214 15:59:53.382" level="INFO">Element 'xpath://html/body/div/div/div/main/section/div[5]/div[2]/div/div/div/div/span' contains text '312'.</msg>
<status status="PASS" starttime="20230214 15:59:53.366" endtime="20230214 15:59:53.383"/>
</kw>
<kw name="Select From List By Label" library="SeleniumLibrary">
<arg>${LIST_STATUS}</arg>
<arg>Ocupado</arg>
<doc>Selects options from selection list ``locator`` by ``labels``.</doc>
<msg timestamp="20230214 15:59:53.384" level="INFO">Selecting options from selection list 'xpath://*[@id="Status"]' by label Ocupado.</msg>
<status status="PASS" starttime="20230214 15:59:53.383" endtime="20230214 15:59:53.435"/>
</kw>
<kw name="Click Element" library="SeleniumLibrary">
<arg>${BUTTON_FILTRAR}</arg>
<doc>Click the element identified by ``locator``.</doc>
<msg timestamp="20230214 15:59:53.436" level="INFO">Clicking element 'xpath://*[@id="btnFiltrarPontoComercial"]'.</msg>
<status status="PASS" starttime="20230214 15:59:53.435" endtime="20230214 15:59:53.456"/>
</kw>
<kw name="Sleep" library="BuiltIn">
<arg>2</arg>
<doc>Pauses the test executed for the given time.</doc>
<msg timestamp="20230214 15:59:55.468" level="INFO">Slept 2 seconds</msg>
<status status="PASS" starttime="20230214 15:59:53.456" endtime="20230214 15:59:55.468"/>
</kw>
<kw name="Element Should Contain" library="SeleniumLibrary">
<arg>xpath://html/body/div/div/div/main/section/div[5]/div[2]/div/div/div/div/span</arg>
<arg>${GET_MERC_CWB_OCP}</arg>
<doc>Verifies that element ``locator`` contains text ``expected``.</doc>
<msg timestamp="20230214 15:59:55.484" level="INFO">Element 'xpath://html/body/div/div/div/main/section/div[5]/div[2]/div/div/div/div/span' contains text '49'.</msg>
<status status="PASS" starttime="20230214 15:59:55.469" endtime="20230214 15:59:55.484"/>
</kw>
<status status="PASS" starttime="20230214 15:59:50.837" endtime="20230214 15:59:55.484"/>
</test>
<test id="s1-t5" name="Verificar informações de Dashboard &quot;Mercado Regional do Cajuru&quot;" line="90">
<kw name="Go To" library="SeleniumLibrary">
<arg>https://dev-adm-permissionario.curitiba.pr.gov.br/Inicio/Inicial</arg>
<doc>Navigates the current browser window to the provided ``url``.</doc>
<msg timestamp="20230214 15:59:55.486" level="INFO">Opening url 'https://dev-adm-permissionario.curitiba.pr.gov.br/Inicio/Inicial'</msg>
<status status="PASS" starttime="20230214 15:59:55.486" endtime="20230214 15:59:55.621"/>
</kw>
<kw name="Wait Until Keyword Succeeds" library="BuiltIn">
<arg>5</arg>
<arg>10</arg>
<arg>Aguardar carregamento da pagina</arg>
<doc>Runs the specified keyword and retries if it fails.</doc>
<kw name="Aguardar carregamento da pagina">
<kw name="Title Should Be" library="SeleniumLibrary">
<arg>Página Inicial - Permissionários</arg>
<doc>Verifies that the current page title equals ``title``.</doc>
<msg timestamp="20230214 15:59:55.625" level="INFO">Page title is 'Página Inicial - Permissionários'.</msg>
<status status="PASS" starttime="20230214 15:59:55.622" endtime="20230214 15:59:55.625"/>
</kw>
<status status="PASS" starttime="20230214 15:59:55.622" endtime="20230214 15:59:55.625"/>
</kw>
<status status="PASS" starttime="20230214 15:59:55.622" endtime="20230214 15:59:55.626"/>
</kw>
<kw name="Get Text" library="SeleniumLibrary">
<var>${GET_MERC_CAJURU_DIS}</var>
<arg>${MERC_CAJURU_DISPONIVEIS}</arg>
<doc>Returns the text value of the element identified by ``locator``.</doc>
<msg timestamp="20230214 15:59:55.642" level="INFO">${GET_MERC_CAJURU_DIS} = 3</msg>
<status status="PASS" starttime="20230214 15:59:55.626" endtime="20230214 15:59:55.642"/>
</kw>
<kw name="Get Text" library="SeleniumLibrary">
<var>${GET_MERC_CAJURU_OCP}</var>
<arg>${MERC_CAJURU_OCUPADOS}</arg>
<doc>Returns the text value of the element identified by ``locator``.</doc>
<msg timestamp="20230214 15:59:55.660" level="INFO">${GET_MERC_CAJURU_OCP} = 39</msg>
<status status="PASS" starttime="20230214 15:59:55.642" endtime="20230214 15:59:55.660"/>
</kw>
<kw name="Go To" library="SeleniumLibrary">
<arg>https://dev-adm-permissionario.curitiba.pr.gov.br/pontocomercial/listar/tipoEquipamento-3</arg>
<doc>Navigates the current browser window to the provided ``url``.</doc>
<msg timestamp="20230214 15:59:55.661" level="INFO">Opening url 'https://dev-adm-permissionario.curitiba.pr.gov.br/pontocomercial/listar/tipoEquipamento-3'</msg>
<status status="PASS" starttime="20230214 15:59:55.661" endtime="20230214 15:59:55.833"/>
</kw>
<kw name="Select From List By Label" library="SeleniumLibrary">
<arg>${LIST_ATIVO}</arg>
<arg>Ativado</arg>
<doc>Selects options from selection list ``locator`` by ``labels``.</doc>
<msg timestamp="20230214 15:59:55.834" level="INFO">Selecting options from selection list 'xpath://*[@id="Ativo"]' by label Ativado.</msg>
<status status="PASS" starttime="20230214 15:59:55.834" endtime="20230214 15:59:55.886"/>
</kw>
<kw name="Select From List By Label" library="SeleniumLibrary">
<arg>${LIST_STATUS}</arg>
<arg>Disponível</arg>
<doc>Selects options from selection list ``locator`` by ``labels``.</doc>
<msg timestamp="20230214 15:59:55.887" level="INFO">Selecting options from selection list 'xpath://*[@id="Status"]' by label Disponível.</msg>
<status status="PASS" starttime="20230214 15:59:55.887" endtime="20230214 15:59:55.929"/>
</kw>
<kw name="Click Element" library="SeleniumLibrary">
<arg>${BUTTON_FILTRAR}</arg>
<doc>Click the element identified by ``locator``.</doc>
<msg timestamp="20230214 15:59:55.930" level="INFO">Clicking element 'xpath://*[@id="btnFiltrarPontoComercial"]'.</msg>
<status status="PASS" starttime="20230214 15:59:55.930" endtime="20230214 15:59:55.960"/>
</kw>
<kw name="Sleep" library="BuiltIn">
<arg>2</arg>
<doc>Pauses the test executed for the given time.</doc>
<msg timestamp="20230214 15:59:57.965" level="INFO">Slept 2 seconds</msg>
<status status="PASS" starttime="20230214 15:59:55.961" endtime="20230214 15:59:57.965"/>
</kw>
<kw name="Element Should Contain" library="SeleniumLibrary">
<arg>xpath://html/body/div/div/div/main/section/div[5]/div[2]/div/div/div/div/span</arg>
<arg>${GET_MERC_CAJURU_DIS}</arg>
<doc>Verifies that element ``locator`` contains text ``expected``.</doc>
<msg timestamp="20230214 15:59:57.982" level="INFO">Element 'xpath://html/body/div/div/div/main/section/div[5]/div[2]/div/div/div/div/span' contains text '3'.</msg>
<status status="PASS" starttime="20230214 15:59:57.966" endtime="20230214 15:59:57.982"/>
</kw>
<kw name="Select From List By Label" library="SeleniumLibrary">
<arg>${LIST_STATUS}</arg>
<arg>Ocupado</arg>
<doc>Selects options from selection list ``locator`` by ``labels``.</doc>
<msg timestamp="20230214 15:59:57.983" level="INFO">Selecting options from selection list 'xpath://*[@id="Status"]' by label Ocupado.</msg>
<status status="PASS" starttime="20230214 15:59:57.983" endtime="20230214 15:59:58.024"/>
</kw>
<kw name="Click Element" library="SeleniumLibrary">
<arg>${BUTTON_FILTRAR}</arg>
<doc>Click the element identified by ``locator``.</doc>
<msg timestamp="20230214 15:59:58.025" level="INFO">Clicking element 'xpath://*[@id="btnFiltrarPontoComercial"]'.</msg>
<status status="PASS" starttime="20230214 15:59:58.025" endtime="20230214 15:59:58.045"/>
</kw>
<kw name="Sleep" library="BuiltIn">
<arg>2</arg>
<doc>Pauses the test executed for the given time.</doc>
<msg timestamp="20230214 16:00:00.054" level="INFO">Slept 2 seconds</msg>
<status status="PASS" starttime="20230214 15:59:58.045" endtime="20230214 16:00:00.054"/>
</kw>
<kw name="Element Should Contain" library="SeleniumLibrary">
<arg>xpath://html/body/div/div/div/main/section/div[5]/div[2]/div/div/div/div/span</arg>
<arg>${GET_MERC_CAJURU_OCP}</arg>
<doc>Verifies that element ``locator`` contains text ``expected``.</doc>
<msg timestamp="20230214 16:00:00.070" level="INFO">Element 'xpath://html/body/div/div/div/main/section/div[5]/div[2]/div/div/div/div/span' contains text '39'.</msg>
<status status="PASS" starttime="20230214 16:00:00.055" endtime="20230214 16:00:00.070"/>
</kw>
<status status="PASS" starttime="20230214 15:59:55.485" endtime="20230214 16:00:00.071"/>
</test>
<status status="PASS" starttime="20230214 15:59:21.701" endtime="20230214 16:00:00.072"/>
</suite>
<statistics>
<total>
<stat pass="5" fail="0" skip="0">All Tests</stat>
</total>
<tag>
</tag>
<suite>
<stat pass="5" fail="0" skip="0" id="s1" name="Dashboardpendencias-Page-Object">Dashboardpendencias-Page-Object</stat>
</suite>
</statistics>
<errors>
</errors>
</robot>
